2025-09-01 13:41:25 | INFO | __main__:50 | Logger loaded.
2025-09-01 13:41:25 | INFO | __main__:169 | STARTING main()..
2025-09-01 13:41:25 | INFO | __main__:170 | Byline:

**********************************************************
Stellar Analytics — Project Header
**********************************************************
Author:                     Denise Case
Motto:                      Clear. Useful. On time.
Years Active:               5
Accepting New Clients?:     True
Remote Workshops?:          True
Services:                   ['Data Analysis', 'Machine Learning', 'Business Intelligence']
Client Satisfaction Scores: [4.8, 4.6, 4.9, 5.0, 4.7]
Minimum Satisfaction Score: 4.6
Maximum Satisfaction Score: 5.0
Mean Satisfaction Score:    4.80
     Standard Deviation:    0.16
**********************************************************

2025-09-01 13:41:25 | INFO | __main__:181 | This module is organized like all Python modules.
2025-09-01 13:41:25 | INFO | __main__:182 | We write professional Python from the start.
2025-09-01 13:41:25 | INFO | __main__:183 | END main()...
2025-09-01 13:56:18 | INFO | __main__:50 | Logger loaded.
2025-09-01 13:56:18 | INFO | __main__:169 | STARTING main()..
2025-09-01 13:56:18 | INFO | __main__:170 | Byline:

**********************************************************
Stellar Analytics — Project Header
**********************************************************
Author:                     Denise Case
Motto:                      Clear. Useful. On time.
Years Active:               5
Accepting New Clients?:     True
Remote Workshops?:          True
Services:                   ['Data Analysis', 'Machine Learning', 'Business Intelligence']
Client Satisfaction Scores: [4.8, 4.6, 4.9, 5.0, 4.7]
Minimum Satisfaction Score: 4.6
Maximum Satisfaction Score: 5.0
Mean Satisfaction Score:    4.80
     Standard Deviation:    0.16
**********************************************************

2025-09-01 13:56:18 | INFO | __main__:181 | This module is organized like all Python modules.
2025-09-01 13:56:18 | INFO | __main__:182 | We write professional Python from the start.
2025-09-01 13:56:18 | INFO | __main__:183 | END main()...
2025-09-01 13:57:27 | INFO | __main__:50 | Logger loaded.
2025-09-01 13:57:27 | INFO | __main__:169 | STARTING main()..
2025-09-01 13:57:27 | INFO | __main__:170 | Byline:

**********************************************************
Stellar Analytics — Project Header
**********************************************************
Author:                     Denise Case
Motto:                      Clear. Useful. On time.
Years Active:               5
Accepting New Clients?:     True
Remote Workshops?:          True
Services:                   ['Data Analysis', 'Machine Learning', 'Business Intelligence']
Client Satisfaction Scores: [4.8, 4.6, 4.9, 5.0, 4.7]
Minimum Satisfaction Score: 4.6
Maximum Satisfaction Score: 5.0
Mean Satisfaction Score:    4.80
     Standard Deviation:    0.16
**********************************************************

2025-09-01 13:57:27 | INFO | __main__:181 | This module is organized like all Python modules.
2025-09-01 13:57:27 | INFO | __main__:182 | We write professional Python from the start.
2025-09-01 13:57:27 | INFO | __main__:183 | END main()...
2025-09-01 13:57:44 | INFO | __main__:47 | Logger loaded.
2025-09-01 13:57:44 | INFO | __main__:166 | STARTING main()..
2025-09-01 13:57:44 | INFO | __main__:167 | Byline:

**********************************************************
Stellar Analytics — Project Header
**********************************************************
Author:                     Chris Braun
Motto:                      Clear. Useful. On time.
Years Active:               5
Accepting New Clients?:     True
Remote Workshops?:          True
Services:                   ['Data Analysis', 'Machine Learning', 'Business Intelligence']
Client Satisfaction Scores: [4.8, 4.6, 4.9, 5.0, 4.7]
Minimum Satisfaction Score: 4.6
Maximum Satisfaction Score: 5.0
Mean Satisfaction Score:    4.80
     Standard Deviation:    0.16
**********************************************************

2025-09-01 13:57:44 | INFO | __main__:178 | This module is organized like all Python modules.
2025-09-01 13:57:44 | INFO | __main__:179 | We write professional Python from the start.
2025-09-01 13:57:44 | INFO | __main__:180 | END main()...
2025-09-01 14:08:42 | INFO | __main__:47 | Logger loaded.
2025-09-01 14:08:42 | INFO | __main__:169 | STARTING main()..
2025-09-01 14:08:42 | INFO | __main__:170 | Byline:

**********************************************************
Braun Data Concepts — Project Header
**********************************************************
Author:                     Chris Braun
Motto:                      Precise. Timely. Useful.
Years Active:               5
Accepting New Clients?:     True
Is Hiring?                  False
Number of Employees         25
Number of Offices?          3
Office Locations?           ['Humphrey, NE', 'Norfolk, NE', 'Columbus, NE']
Remote Workshops?:          True
Services:                   ['Data Analysis', 'Machine Learning', 'Business Intelligence']
Client Satisfaction Scores: [4.8, 4.6, 4.9, 5.0, 4.7]
Minimum Satisfaction Score: 4.6
Maximum Satisfaction Score: 5.0
Mean Satisfaction Score:    4.80
     Standard Deviation:    0.16
**********************************************************

2025-09-01 14:08:42 | INFO | __main__:181 | This module is organized like all Python modules.
2025-09-01 14:08:42 | INFO | __main__:182 | We write professional Python from the start.
2025-09-01 14:08:42 | INFO | __main__:183 | END main()...
